<?xml version="1.0" encoding="UTF-8"?>
<!-- Generated by org.testng.reporters.JUnitXMLReporter -->
<testsuite hostname="PSLT3233" ignored="0" name="Surefire test" tests="2" failures="2" timestamp="29 ene 2018 17:04:28 GMT" time="0.506" errors="0">
  <testcase name="testPost" time="0.475" classname="com.banistmo.notifybam.NotifyTest">
    <failure type="com.consol.citrus.exceptions.TestCaseFailedException" message="Unable to resolve dynamic endpoint uri! Neither header entry &amp;apos;citrus_endpoint_uri&amp;apos; nor default endpoint uri is set">
      <![CDATA[com.consol.citrus.exceptions.TestCaseFailedException: Unable to resolve dynamic endpoint uri! Neither header entry 'citrus_endpoint_uri' nor default endpoint uri is set
	at com.consol.citrus.TestCase.executeAction(TestCase.java:237)
	at com.consol.citrus.TestCase.doExecute(TestCase.java:149)
	at com.consol.citrus.actions.AbstractTestAction.execute(AbstractTestAction.java:42)
	at com.consol.citrus.Citrus.run(Citrus.java:290)
	at com.consol.citrus.dsl.testng.TestNGCitrusTest.invokeTestMethod(TestNGCitrusTest.java:132)
	at com.consol.citrus.dsl.testng.TestNGCitrusTestDesigner.invokeTestMethod(TestNGCitrusTestDesigner.java:73)
	at com.consol.citrus.dsl.testng.TestNGCitrusTest.run(TestNGCitrusTest.java:110)
	at com.consol.citrus.dsl.testng.TestNGCitrusTest.run(TestNGCitrusTest.java:56)
Caused by: com.consol.citrus.exceptions.CitrusRuntimeException: Unable to resolve dynamic endpoint uri! Neither header entry 'citrus_endpoint_uri' nor default endpoint uri is set
	at com.consol.citrus.endpoint.resolver.DynamicEndpointUriResolver.resolveEndpointUri(DynamicEndpointUriResolver.java:60)
	at com.consol.citrus.http.client.HttpClient.send(HttpClient.java:94)
	at com.consol.citrus.actions.SendMessageAction.doExecute(SendMessageAction.java:119)
	at com.consol.citrus.actions.AbstractTestAction.execute(AbstractTestAction.java:42)
	at com.consol.citrus.dsl.actions.DelegatingTestAction.doExecute(DelegatingTestAction.java:54)
	at com.consol.citrus.actions.AbstractTestAction.execute(AbstractTestAction.java:42)
	at com.consol.citrus.TestCase.executeAction(TestCase.java:230)
	... 32 more
... Removed 25 stack frames]]>
    </failure>
  </testcase> <!-- testPost -->
  <testcase name="testPostOnline" time="0.0" classname="com.banistmo.notifybam.NotifyTest">
    <failure type="com.consol.citrus.exceptions.TestCaseFailedException" message="Unable to resolve dynamic endpoint uri! Neither header entry &amp;apos;citrus_endpoint_uri&amp;apos; nor default endpoint uri is set">
      <![CDATA[com.consol.citrus.exceptions.TestCaseFailedException: Unable to resolve dynamic endpoint uri! Neither header entry 'citrus_endpoint_uri' nor default endpoint uri is set
	at com.consol.citrus.TestCase.executeAction(TestCase.java:237)
	at com.consol.citrus.TestCase.doExecute(TestCase.java:149)
	at com.consol.citrus.actions.AbstractTestAction.execute(AbstractTestAction.java:42)
	at com.consol.citrus.Citrus.run(Citrus.java:290)
	at com.consol.citrus.dsl.testng.TestNGCitrusTest.invokeTestMethod(TestNGCitrusTest.java:132)
	at com.consol.citrus.dsl.testng.TestNGCitrusTestDesigner.invokeTestMethod(TestNGCitrusTestDesigner.java:73)
	at com.consol.citrus.dsl.testng.TestNGCitrusTest.run(TestNGCitrusTest.java:110)
	at com.consol.citrus.dsl.testng.TestNGCitrusTest.run(TestNGCitrusTest.java:56)
Caused by: com.consol.citrus.exceptions.CitrusRuntimeException: Unable to resolve dynamic endpoint uri! Neither header entry 'citrus_endpoint_uri' nor default endpoint uri is set
	at com.consol.citrus.endpoint.resolver.DynamicEndpointUriResolver.resolveEndpointUri(DynamicEndpointUriResolver.java:60)
	at com.consol.citrus.http.client.HttpClient.send(HttpClient.java:94)
	at com.consol.citrus.actions.SendMessageAction.doExecute(SendMessageAction.java:119)
	at com.consol.citrus.actions.AbstractTestAction.execute(AbstractTestAction.java:42)
	at com.consol.citrus.dsl.actions.DelegatingTestAction.doExecute(DelegatingTestAction.java:54)
	at com.consol.citrus.actions.AbstractTestAction.execute(AbstractTestAction.java:42)
	at com.consol.citrus.TestCase.executeAction(TestCase.java:230)
	... 32 more
... Removed 25 stack frames]]>
    </failure>
  </testcase> <!-- testPostOnline -->
</testsuite> <!-- Surefire test -->
